<?xml version="1.0" encoding="UTF-8"?>
<!-- Generated by org.testng.reporters.JUnitXMLReporter -->
<testsuite ignored="0" hostname="DESKTOP-SHO85OO" failures="0" tests="3" name="Default test" time="38.797" errors="0" timestamp="2023-06-07T18:34:50 IST">
  <testcase classname="data.d1" name="DataProvSampleTest" time="21.898"/>
  <testcase classname="data.d1" name="DataProvSampleTest" time="8.254"/>
  <testcase classname="data.d1" name="DataProvSampleTest" time="8.574"/>
</testsuite> <!-- Default test -->
