<?xml version="1.0" encoding="UTF-8"?>
<testng-results ignored="0" total="3" passed="3" failed="0" skipped="0">
  <reporter-output>
  </reporter-output>
  <suite started-at="2023-06-07T18:34:11 IST" name="Default suite" finished-at="2023-06-07T18:34:50 IST" duration-ms="38797">
    <groups>
    </groups>
    <test started-at="2023-06-07T18:34:11 IST" name="Default test" finished-at="2023-06-07T18:34:50 IST" duration-ms="38797">
      <class name="data.d1">
        <test-method signature="DataProvSampleTest(java.lang.String,java.lang.String,java.lang.String)[pri:0, instance:data.d1@460d0a57]" started-at="2023-06-07T18:34:11 IST" name="DataProvSampleTest" data-provider="dhivya" finished-at="2023-06-07T18:34:33 IST" duration-ms="21898" status="PASS">
          <params>
            <param index="0">
              <value>
                <![CDATA[valid]]>
              </value>
            </param>
            <param index="1">
              <value>
                <![CDATA[Dhivyakarthi123]]>
              </value>
            </param>
            <param index="2">
              <value>
                <![CDATA[12345]]>
              </value>
            </param>
          </params>
          <reporter-output>
          </reporter-output>
        </test-method> <!-- DataProvSampleTest -->
        <test-method signature="DataProvSampleTest(java.lang.String,java.lang.String,java.lang.String)[pri:0, instance:data.d1@460d0a57]" started-at="2023-06-07T18:34:33 IST" name="DataProvSampleTest" data-provider="dhivya" finished-at="2023-06-07T18:34:41 IST" duration-ms="8254" status="PASS">
          <params>
            <param index="0">
              <value>
                <![CDATA[invalid]]>
              </value>
            </param>
            <param index="1">
              <value>
                <![CDATA[DDD]]>
              </value>
            </param>
            <param index="2">
              <value>
                <![CDATA[555]]>
              </value>
            </param>
          </params>
          <reporter-output>
          </reporter-output>
        </test-method> <!-- DataProvSampleTest -->
        <test-method signature="DataProvSampleTest(java.lang.String,java.lang.String,java.lang.String)[pri:0, instance:data.d1@460d0a57]" started-at="2023-06-07T18:34:41 IST" name="DataProvSampleTest" data-provider="dhivya" finished-at="2023-06-07T18:34:50 IST" duration-ms="8574" status="PASS">
          <params>
            <param index="0">
              <value>
                <![CDATA[inpassword]]>
              </value>
            </param>
            <param index="1">
              <value>
                <![CDATA[DEEPA]]>
              </value>
            </param>
            <param index="2">
              <value>
                <![CDATA[3456]]>
              </value>
            </param>
          </params>
          <reporter-output>
          </reporter-output>
        </test-method> <!-- DataProvSampleTest -->
      </class> <!-- data.d1 -->
    </test> <!-- Default test -->
  </suite> <!-- Default suite -->
</testng-results>
